<?xml version="1.0" encoding="UTF-8"?>
<testng-results skipped="0" failed="1" ignored="0" total="1" passed="0">
  <reporter-output>
  </reporter-output>
  <suite name="Default suite" duration-ms="80101" started-at="2017-09-16T07:58:02Z" finished-at="2017-09-16T07:59:22Z">
    <groups>
    </groups>
    <test name="Default test" duration-ms="80101" started-at="2017-09-16T07:58:02Z" finished-at="2017-09-16T07:59:22Z">
      <class name="GoogleTest.GoogleTest">
        <test-method status="FAIL" signature="GooglePage()[pri:0, instance:GoogleTest.GoogleTest@457e2f02]" name="GooglePage" duration-ms="79385" started-at="2017-09-16T13:28:02Z" finished-at="2017-09-16T13:29:21Z">
          <exception class="org.openqa.selenium.WebDriverException">
            <message>
              <![CDATA[Failed to connect to binary FirefoxBinary(C:\Program Files (x86)\Mozilla Firefox\firefox.exe) on port 7055; process output follows: 
è­·","description":"ä½¿ç”¨ Kaspersky Lab çš„å»¶ä¼¸åŠŸèƒ½å°�æ‚¨çš„ç¶²éš›ç¶²è·¯çš„é˜²è­·ã€‚","creator":null,"homepageURL":null},{"locales":["zh-TW"],"name":"å�¡å·´æ–¯åŸºé˜²è­·","description":"ä½¿ç”¨ Kaspersky Lab çš„å»¶ä¼¸åŠŸèƒ½å°�æ‚¨çš„ç¶²éš›ç¶²è·¯çš„é˜²è­·ã€‚","creator":null,"homepageURL":null},{"locales":["zh_CN"],"name":"å�¡å·´æ–¯åŸºä¿�æŠ¤","description":"ä½¿ç”¨ Kaspersky Lab çš„æ‰©å±•åŠŸèƒ½å¯¹æ‚¨çš„äº’è�”ç½‘çš„ä¿�æŠ¤ã€‚","creator":null,"homepageURL":null},{"locales":["zh_HK"],"name":"å�¡å·´æ–¯åŸºé˜²è­·","description":"ä½¿ç”¨ Kaspersky Lab çš„å»¶ä¼¸åŠŸèƒ½å°�æ‚¨çš„ç¶²éš›ç¶²è·¯çš„é˜²è­·ã€‚","creator":null,"homepageURL":null},{"locales":["zh_TW"],"name":"å�¡å·´æ–¯åŸºé˜²è­·","description":"ä½¿ç”¨ Kaspersky Lab çš„å»¶ä¼¸åŠŸèƒ½å°�æ‚¨çš„ç¶²éš›ç¶²è·¯çš„é˜²è­·ã€‚","creator":null,"homepageURL":null}],"targetApplications":[{"id":"{ec8030f7-c20a-464f-9b0e-13a3a9e97384}","minVersion":"38.0a1","maxVersion":"43.0"}],"targetPlatforms":[],"multiprocessCompatible":false,"signedState":2,"seen":true}
1505548713524	DeferredSave.extensions.json	DEBUG	Save changes
1505548713524	addons.xpi	DEBUG	Updating database with changes to installed add-ons
1505548713524	addons.xpi-utils	DEBUG	Updating add-on states
1505548713526	addons.xpi-utils	DEBUG	Writing add-ons list
1505548713533	addons.xpi	DEBUG	Registering manifest for C:\Program Files (x86)\Mozilla Firefox\browser\features\e10srollout@mozilla.org.xpi
1505548713534	addons.xpi	DEBUG	Calling bootstrap method startup on e10srollout@mozilla.org version 1.0
1505548713534	addons.xpi	DEBUG	Registering manifest for C:\Program Files (x86)\Mozilla Firefox\browser\features\firefox@getpocket.com.xpi
1505548713536	addons.xpi	DEBUG	Calling bootstrap method startup on firefox@getpocket.com version 1.0.2
1505548713538	addons.xpi	DEBUG	Registering manifest for C:\Program Files (x86)\Mozilla Firefox\browser\features\loop@mozilla.org.xpi
1505548713540	addons.xpi	DEBUG	Calling bootstrap method startup on loop@mozilla.org version 1.3.2
1505548713787	addons.manager	DEBUG	Registering shutdown blocker for XPIProvider
1505548713789	addons.manager	DEBUG	Provider finished startup: XPIProvider
1505548713789	addons.manager	DEBUG	Starting provider: LightweightThemeManager
1505548713789	addons.manager	DEBUG	Registering shutdown blocker for LightweightThemeManager
1505548713790	addons.manager	DEBUG	Provider finished startup: LightweightThemeManager
1505548713792	addons.manager	DEBUG	Starting provider: GMPProvider
1505548713910	addons.manager	DEBUG	Registering shutdown blocker for GMPProvider
1505548713911	addons.manager	DEBUG	Provider finished startup: GMPProvider
1505548713911	addons.manager	DEBUG	Starting provider: PluginProvider
1505548713912	addons.manager	DEBUG	Registering shutdown blocker for PluginProvider
1505548713913	addons.manager	DEBUG	Provider finished startup: PluginProvider
1505548713914	addons.manager	DEBUG	Completed startup sequence
1505548723090	addons.manager	DEBUG	Starting provider: <unnamed-provider>
1505548723090	addons.manager	DEBUG	Registering shutdown blocker for <unnamed-provider>
1505548723092	addons.manager	DEBUG	Provider finished startup: <unnamed-provider>
1505548723108	DeferredSave.extensions.json	DEBUG	Write succeeded
1505548723108	addons.xpi-utils	DEBUG	XPI Database saved, setting schema version preference to 17
1505548723109	DeferredSave.extensions.json	DEBUG	Starting timer
1505548724325	DeferredSave.extensions.json	DEBUG	Starting write
1505548724527	addons.repository	DEBUG	No addons.json found.
1505548724528	DeferredSave.addons.json	DEBUG	Save changes
1505548724577	DeferredSave.addons.json	DEBUG	Starting timer
1505548725415	addons.manager	DEBUG	Starting provider: PreviousExperimentProvider
1505548725416	addons.manager	DEBUG	Registering shutdown blocker for PreviousExperimentProvider
1505548725416	addons.manager	DEBUG	Provider finished startup: PreviousExperimentProvider
1505548725951	DeferredSave.addons.json	DEBUG	Starting write
1505548725980	DeferredSave.extensions.json	DEBUG	Write succeeded
1505548734333	DeferredSave.addons.json	DEBUG	Write succeeded

Build info: version: '2.53.1', revision: 'a36b8b1cd5757287168e54b817830adce9b0158d', time: '2016-06-30 19:26:09'
System info: host: 'DELL-PC', ip: '192.168.0.115', os.name: 'Windows 7', os.arch: 'amd64', os.version: '6.1', java.version: '1.8.0_144'
Driver info: driver.version: FirefoxDriver]]>
            </message>
            <full-stacktrace>
              <![CDATA[org.openqa.selenium.WebDriverException: Failed to connect to binary FirefoxBinary(C:\Program Files (x86)\Mozilla Firefox\firefox.exe) on port 7055; process output follows: 
è­·","description":"ä½¿ç”¨ Kaspersky Lab çš„å»¶ä¼¸åŠŸèƒ½å°�æ‚¨çš„ç¶²éš›ç¶²è·¯çš„é˜²è­·ã€‚","creator":null,"homepageURL":null},{"locales":["zh-TW"],"name":"å�¡å·´æ–¯åŸºé˜²è­·","description":"ä½¿ç”¨ Kaspersky Lab çš„å»¶ä¼¸åŠŸèƒ½å°�æ‚¨çš„ç¶²éš›ç¶²è·¯çš„é˜²è­·ã€‚","creator":null,"homepageURL":null},{"locales":["zh_CN"],"name":"å�¡å·´æ–¯åŸºä¿�æŠ¤","description":"ä½¿ç”¨ Kaspersky Lab çš„æ‰©å±•åŠŸèƒ½å¯¹æ‚¨çš„äº’è�”ç½‘çš„ä¿�æŠ¤ã€‚","creator":null,"homepageURL":null},{"locales":["zh_HK"],"name":"å�¡å·´æ–¯åŸºé˜²è­·","description":"ä½¿ç”¨ Kaspersky Lab çš„å»¶ä¼¸åŠŸèƒ½å°�æ‚¨çš„ç¶²éš›ç¶²è·¯çš„é˜²è­·ã€‚","creator":null,"homepageURL":null},{"locales":["zh_TW"],"name":"å�¡å·´æ–¯åŸºé˜²è­·","description":"ä½¿ç”¨ Kaspersky Lab çš„å»¶ä¼¸åŠŸèƒ½å°�æ‚¨çš„ç¶²éš›ç¶²è·¯çš„é˜²è­·ã€‚","creator":null,"homepageURL":null}],"targetApplications":[{"id":"{ec8030f7-c20a-464f-9b0e-13a3a9e97384}","minVersion":"38.0a1","maxVersion":"43.0"}],"targetPlatforms":[],"multiprocessCompatible":false,"signedState":2,"seen":true}
1505548713524	DeferredSave.extensions.json	DEBUG	Save changes
1505548713524	addons.xpi	DEBUG	Updating database with changes to installed add-ons
1505548713524	addons.xpi-utils	DEBUG	Updating add-on states
1505548713526	addons.xpi-utils	DEBUG	Writing add-ons list
1505548713533	addons.xpi	DEBUG	Registering manifest for C:\Program Files (x86)\Mozilla Firefox\browser\features\e10srollout@mozilla.org.xpi
1505548713534	addons.xpi	DEBUG	Calling bootstrap method startup on e10srollout@mozilla.org version 1.0
1505548713534	addons.xpi	DEBUG	Registering manifest for C:\Program Files (x86)\Mozilla Firefox\browser\features\firefox@getpocket.com.xpi
1505548713536	addons.xpi	DEBUG	Calling bootstrap method startup on firefox@getpocket.com version 1.0.2
1505548713538	addons.xpi	DEBUG	Registering manifest for C:\Program Files (x86)\Mozilla Firefox\browser\features\loop@mozilla.org.xpi
1505548713540	addons.xpi	DEBUG	Calling bootstrap method startup on loop@mozilla.org version 1.3.2
1505548713787	addons.manager	DEBUG	Registering shutdown blocker for XPIProvider
1505548713789	addons.manager	DEBUG	Provider finished startup: XPIProvider
1505548713789	addons.manager	DEBUG	Starting provider: LightweightThemeManager
1505548713789	addons.manager	DEBUG	Registering shutdown blocker for LightweightThemeManager
1505548713790	addons.manager	DEBUG	Provider finished startup: LightweightThemeManager
1505548713792	addons.manager	DEBUG	Starting provider: GMPProvider
1505548713910	addons.manager	DEBUG	Registering shutdown blocker for GMPProvider
1505548713911	addons.manager	DEBUG	Provider finished startup: GMPProvider
1505548713911	addons.manager	DEBUG	Starting provider: PluginProvider
1505548713912	addons.manager	DEBUG	Registering shutdown blocker for PluginProvider
1505548713913	addons.manager	DEBUG	Provider finished startup: PluginProvider
1505548713914	addons.manager	DEBUG	Completed startup sequence
1505548723090	addons.manager	DEBUG	Starting provider: <unnamed-provider>
1505548723090	addons.manager	DEBUG	Registering shutdown blocker for <unnamed-provider>
1505548723092	addons.manager	DEBUG	Provider finished startup: <unnamed-provider>
1505548723108	DeferredSave.extensions.json	DEBUG	Write succeeded
1505548723108	addons.xpi-utils	DEBUG	XPI Database saved, setting schema version preference to 17
1505548723109	DeferredSave.extensions.json	DEBUG	Starting timer
1505548724325	DeferredSave.extensions.json	DEBUG	Starting write
1505548724527	addons.repository	DEBUG	No addons.json found.
1505548724528	DeferredSave.addons.json	DEBUG	Save changes
1505548724577	DeferredSave.addons.json	DEBUG	Starting timer
1505548725415	addons.manager	DEBUG	Starting provider: PreviousExperimentProvider
1505548725416	addons.manager	DEBUG	Registering shutdown blocker for PreviousExperimentProvider
1505548725416	addons.manager	DEBUG	Provider finished startup: PreviousExperimentProvider
1505548725951	DeferredSave.addons.json	DEBUG	Starting write
1505548725980	DeferredSave.extensions.json	DEBUG	Write succeeded
1505548734333	DeferredSave.addons.json	DEBUG	Write succeeded

Build info: version: '2.53.1', revision: 'a36b8b1cd5757287168e54b817830adce9b0158d', time: '2016-06-30 19:26:09'
System info: host: 'DELL-PC', ip: '192.168.0.115', os.name: 'Windows 7', os.arch: 'amd64', os.version: '6.1', java.version: '1.8.0_144'
Driver info: driver.version: FirefoxDriver
	at org.openqa.selenium.firefox.internal.NewProfileExtensionConnection.start(NewProfileExtensionConnection.java:125)
	at org.openqa.selenium.firefox.FirefoxDriver.startClient(FirefoxDriver.java:271)
	at org.openqa.selenium.remote.RemoteWebDriver.<init>(RemoteWebDriver.java:119)
	at org.openqa.selenium.firefox.FirefoxDriver.<init>(FirefoxDriver.java:216)
	at org.openqa.selenium.firefox.FirefoxDriver.<init>(FirefoxDriver.java:211)
	at org.openqa.selenium.firefox.FirefoxDriver.<init>(FirefoxDriver.java:207)
	at org.openqa.selenium.firefox.FirefoxDriver.<init>(FirefoxDriver.java:120)
	at GoogleTest.GoogleTest.GooglePage(GoogleTest.java:21)
	at sun.reflect.NativeMethodAccessorImpl.invoke0(Native Method)
	at sun.reflect.NativeMethodAccessorImpl.invoke(Unknown Source)
	at sun.reflect.DelegatingMethodAccessorImpl.invoke(Unknown Source)
	at java.lang.reflect.Method.invoke(Unknown Source)
	at org.testng.internal.MethodInvocationHelper.invokeMethod(MethodInvocationHelper.java:104)
	at org.testng.internal.Invoker.invokeMethod(Invoker.java:645)
	at org.testng.internal.Invoker.invokeTestMethod(Invoker.java:851)
	at org.testng.internal.Invoker.invokeTestMethods(Invoker.java:1177)
	at org.testng.internal.TestMethodWorker.invokeTestMethods(TestMethodWorker.java:129)
	at org.testng.internal.TestMethodWorker.run(TestMethodWorker.java:112)
	at org.testng.TestRunner.privateRun(TestRunner.java:756)
	at org.testng.TestRunner.run(TestRunner.java:610)
	at org.testng.SuiteRunner.runTest(SuiteRunner.java:387)
	at org.testng.SuiteRunner.runSequentially(SuiteRunner.java:382)
	at org.testng.SuiteRunner.privateRun(SuiteRunner.java:340)
	at org.testng.SuiteRunner.run(SuiteRunner.java:289)
	at org.testng.SuiteRunnerWorker.runSuite(SuiteRunnerWorker.java:52)
	at org.testng.SuiteRunnerWorker.run(SuiteRunnerWorker.java:86)
	at org.testng.TestNG.runSuitesSequentially(TestNG.java:1293)
	at org.testng.TestNG.runSuitesLocally(TestNG.java:1218)
	at org.testng.TestNG.runSuites(TestNG.java:1133)
	at org.testng.TestNG.run(TestNG.java:1104)
	at org.testng.remote.AbstractRemoteTestNG.run(AbstractRemoteTestNG.java:132)
	at org.testng.remote.RemoteTestNG.initAndRun(RemoteTestNG.java:230)
	at org.testng.remote.RemoteTestNG.main(RemoteTestNG.java:76)
Caused by: org.openqa.selenium.firefox.NotConnectedException: Unable to connect to host 127.0.0.1 on port 7055 after 45000 ms. Firefox console output:
è­·","description":"ä½¿ç”¨ Kaspersky Lab çš„å»¶ä¼¸åŠŸèƒ½å°�æ‚¨çš„ç¶²éš›ç¶²è·¯çš„é˜²è­·ã€‚","creator":null,"homepageURL":null},{"locales":["zh-TW"],"name":"å�¡å·´æ–¯åŸºé˜²è­·","description":"ä½¿ç”¨ Kaspersky Lab çš„å»¶ä¼¸åŠŸèƒ½å°�æ‚¨çš„ç¶²éš›ç¶²è·¯çš„é˜²è­·ã€‚","creator":null,"homepageURL":null},{"locales":["zh_CN"],"name":"å�¡å·´æ–¯åŸºä¿�æŠ¤","description":"ä½¿ç”¨ Kaspersky Lab çš„æ‰©å±•åŠŸèƒ½å¯¹æ‚¨çš„äº’è�”ç½‘çš„ä¿�æŠ¤ã€‚","creator":null,"homepageURL":null},{"locales":["zh_HK"],"name":"å�¡å·´æ–¯åŸºé˜²è­·","description":"ä½¿ç”¨ Kaspersky Lab çš„å»¶ä¼¸åŠŸèƒ½å°�æ‚¨çš„ç¶²éš›ç¶²è·¯çš„é˜²è­·ã€‚","creator":null,"homepageURL":null},{"locales":["zh_TW"],"name":"å�¡å·´æ–¯åŸºé˜²è­·","description":"ä½¿ç”¨ Kaspersky Lab çš„å»¶ä¼¸åŠŸèƒ½å°�æ‚¨çš„ç¶²éš›ç¶²è·¯çš„é˜²è­·ã€‚","creator":null,"homepageURL":null}],"targetApplications":[{"id":"{ec8030f7-c20a-464f-9b0e-13a3a9e97384}","minVersion":"38.0a1","maxVersion":"43.0"}],"targetPlatforms":[],"multiprocessCompatible":false,"signedState":2,"seen":true}
1505548713524	DeferredSave.extensions.json	DEBUG	Save changes
1505548713524	addons.xpi	DEBUG	Updating database with changes to installed add-ons
1505548713524	addons.xpi-utils	DEBUG	Updating add-on states
1505548713526	addons.xpi-utils	DEBUG	Writing add-ons list
1505548713533	addons.xpi	DEBUG	Registering manifest for C:\Program Files (x86)\Mozilla Firefox\browser\features\e10srollout@mozilla.org.xpi
1505548713534	addons.xpi	DEBUG	Calling bootstrap method startup on e10srollout@mozilla.org version 1.0
1505548713534	addons.xpi	DEBUG	Registering manifest for C:\Program Files (x86)\Mozilla Firefox\browser\features\firefox@getpocket.com.xpi
1505548713536	addons.xpi	DEBUG	Calling bootstrap method startup on firefox@getpocket.com version 1.0.2
1505548713538	addons.xpi	DEBUG	Registering manifest for C:\Program Files (x86)\Mozilla Firefox\browser\features\loop@mozilla.org.xpi
1505548713540	addons.xpi	DEBUG	Calling bootstrap method startup on loop@mozilla.org version 1.3.2
1505548713787	addons.manager	DEBUG	Registering shutdown blocker for XPIProvider
1505548713789	addons.manager	DEBUG	Provider finished startup: XPIProvider
1505548713789	addons.manager	DEBUG	Starting provider: LightweightThemeManager
1505548713789	addons.manager	DEBUG	Registering shutdown blocker for LightweightThemeManager
1505548713790	addons.manager	DEBUG	Provider finished startup: LightweightThemeManager
1505548713792	addons.manager	DEBUG	Starting provider: GMPProvider
1505548713910	addons.manager	DEBUG	Registering shutdown blocker for GMPProvider
1505548713911	addons.manager	DEBUG	Provider finished startup: GMPProvider
1505548713911	addons.manager	DEBUG	Starting provider: PluginProvider
1505548713912	addons.manager	DEBUG	Registering shutdown blocker for PluginProvider
1505548713913	addons.manager	DEBUG	Provider finished startup: PluginProvider
1505548713914	addons.manager	DEBUG	Completed startup sequence
1505548723090	addons.manager	DEBUG	Starting provider: <unnamed-provider>
1505548723090	addons.manager	DEBUG	Registering shutdown blocker for <unnamed-provider>
1505548723092	addons.manager	DEBUG	Provider finished startup: <unnamed-provider>
1505548723108	DeferredSave.extensions.json	DEBUG	Write succeeded
1505548723108	addons.xpi-utils	DEBUG	XPI Database saved, setting schema version preference to 17
1505548723109	DeferredSave.extensions.json	DEBUG	Starting timer
1505548724325	DeferredSave.extensions.json	DEBUG	Starting write
1505548724527	addons.repository	DEBUG	No addons.json found.
1505548724528	DeferredSave.addons.json	DEBUG	Save changes
1505548724577	DeferredSave.addons.json	DEBUG	Starting timer
1505548725415	addons.manager	DEBUG	Starting provider: PreviousExperimentProvider
1505548725416	addons.manager	DEBUG	Registering shutdown blocker for PreviousExperimentProvider
1505548725416	addons.manager	DEBUG	Provider finished startup: PreviousExperimentProvider
1505548725951	DeferredSave.addons.json	DEBUG	Starting write
1505548725980	DeferredSave.extensions.json	DEBUG	Write succeeded
1505548734333	DeferredSave.addons.json	DEBUG	Write succeeded

	at org.openqa.selenium.firefox.internal.NewProfileExtensionConnection.start(NewProfileExtensionConnection.java:113)
	... 32 more
]]>
            </full-stacktrace>
          </exception> <!-- org.openqa.selenium.WebDriverException -->
          <reporter-output>
          </reporter-output>
        </test-method> <!-- GooglePage -->
      </class> <!-- GoogleTest.GoogleTest -->
    </test> <!-- Default test -->
  </suite> <!-- Default suite -->
</testng-results>
